<?xml version="1.0" encoding="UTF-8"?>
<!-- Generated by org.testng.reporters.JUnitReportReporter -->
<testsuite hostname="Meena" failures="0" tests="1" name="EcommerceTesting.Amazon" time="20.396" errors="0" timestamp="2023-07-27T15:23:02 IST" skipped="0">
  <testcase classname="EcommerceTesting.Amazon" name="amazontest" time="20.396"/>
  <system-out>
    <![CDATA[opening,amazon]]>
  </system-out>
</testsuite> <!-- EcommerceTesting.Amazon -->
