<?xml version="1.0" encoding="UTF-8"?>
<!-- Generated by org.testng.reporters.JUnitReportReporter -->
<testsuite hostname="Meena" failures="0" tests="1" name="EcommerceTesting.Ajio" time="16.925" errors="0" timestamp="2023-07-27T15:23:02 IST" skipped="0">
  <testcase classname="EcommerceTesting.Ajio" name="ajiotest" time="16.925"/>
  <system-out>
    <![CDATA[Opening,ajio]]>
  </system-out>
</testsuite> <!-- EcommerceTesting.Ajio -->
